  AssemblyInfo.cpp
  DataConverter.cpp
  DataConsumerLog.cpp
c:\lavoro\git\__customerservice__\ot biolab+\otcomm\DataValidator.h(73): warning C4490: 'override': incorrect use of override specifier; 'OTComm::DataValidatorTrigger::Initialize' does not match a base ref class method
  c:\lavoro\git\__customerservice__\ot biolab+\otcomm\DataValidator.h(73): note: 'new' or 'override' are only allowed when a matching base method from a ref class exists
  DataConsumerSocket.cpp
c:\lavoro\git\__customerservice__\ot biolab+\otcomm\DataValidator.h(73): warning C4490: 'override': incorrect use of override specifier; 'OTComm::DataValidatorTrigger::Initialize' does not match a base ref class method
  c:\lavoro\git\__customerservice__\ot biolab+\otcomm\DataValidator.h(73): note: 'new' or 'override' are only allowed when a matching base method from a ref class exists
  DataGeneratorDue.cpp
c:\lavoro\git\__customerservice__\ot biolab+\otcomm\DataGeneratorDue.h(66): warning C4633: XML document comment applied to 'OTComm.Due.DataGeneratorDue.#ctor(System.String,System.UInt32!System.Runtime.CompilerServices.IsLong)': error:  'TotalChannels' is not a parameter named in the declaration of this function.
DataGeneratorDue.cpp(33): warning C4018: '<': signed/unsigned mismatch
DataGeneratorDue.cpp(50): warning C4018: '>=': signed/unsigned mismatch
DataGeneratorDue.cpp(66): warning C4018: '>=': signed/unsigned mismatch
DataGeneratorDue.cpp(358): warning C4018: '<': signed/unsigned mismatch
DataGeneratorDue.cpp(419): warning C4838: conversion from 'int' to 'char' requires a narrowing conversion
DataGeneratorDue.cpp(419): warning C4309: 'initializing': truncation of constant value
DataGeneratorDue.cpp(583): warning C4267: '=': conversion from 'size_t' to 'unsigned short', possible loss of data
DataGeneratorDue.cpp(612): warning C4267: '=': conversion from 'size_t' to 'unsigned short', possible loss of data
DataGeneratorDue.cpp(816): warning C4805: '==': unsafe mix of type 'int' and type 'bool' in operation
DataGeneratorDue.cpp(1001): warning C4805: '==': unsafe mix of type 'unsigned char' and type 'bool' in operation
DataGeneratorDue.cpp(1010): warning C4267: 'argument': conversion from 'size_t' to 'unsigned short', possible loss of data
DataGeneratorDue.cpp(1022): warning C4267: 'argument': conversion from 'size_t' to 'unsigned short', possible loss of data
DataGeneratorDue.cpp(1072): warning C4805: '==': unsafe mix of type 'unsigned char' and type 'bool' in operation
DataGeneratorDue.cpp(1081): warning C4267: 'argument': conversion from 'size_t' to 'unsigned short', possible loss of data
DataGeneratorDue.cpp(1093): warning C4267: 'argument': conversion from 'size_t' to 'unsigned short', possible loss of data
DataGeneratorDue.cpp(1346): warning C4805: '==': unsafe mix of type 'int' and type 'bool' in operation
DataGeneratorDue.cpp(1450): warning C4805: '==': unsafe mix of type 'unsigned char' and type 'bool' in operation
DataGeneratorDue.cpp(1459): warning C4267: 'argument': conversion from 'size_t' to 'unsigned short', possible loss of data
DataGeneratorDue.cpp(1471): warning C4267: 'argument': conversion from 'size_t' to 'unsigned short', possible loss of data
DataGeneratorDue.cpp(1515): warning C4805: '==': unsafe mix of type 'unsigned char' and type 'bool' in operation
DataGeneratorDue.cpp(1524): warning C4267: 'argument': conversion from 'size_t' to 'unsigned short', possible loss of data
DataGeneratorDue.cpp(1536): warning C4267: 'argument': conversion from 'size_t' to 'unsigned short', possible loss of data
  DataGeneratorEMGUSB.cpp
c:\lavoro\git\__customerservice__\ot biolab+\otcomm\AdapterEMGUSB.h(231): warning C4490: 'override': incorrect use of override specifier; 'OTComm::EMGUSB::AdapterAux::UnitOfMeasurement::get' does not match a base ref class method
  c:\lavoro\git\__customerservice__\ot biolab+\otcomm\AdapterEMGUSB.h(231): note: 'new' or 'override' are only allowed when a matching base method from a ref class exists
c:\lavoro\git\__customerservice__\ot biolab+\otcomm\DataValidator.h(73): warning C4490: 'override': incorrect use of override specifier; 'OTComm::DataValidatorTrigger::Initialize' does not match a base ref class method
  c:\lavoro\git\__customerservice__\ot biolab+\otcomm\DataValidator.h(73): note: 'new' or 'override' are only allowed when a matching base method from a ref class exists
  DataGeneratorForza.cpp
DataGeneratorForza.cpp(394): warning C4838: conversion from 'int' to 'char' requires a narrowing conversion
DataGeneratorForza.cpp(394): warning C4309: 'initializing': truncation of constant value
DataGeneratorForza.cpp(822): warning C4805: '==': unsafe mix of type 'int' and type 'bool' in operation
  DataGeneratorInterface.cpp
c:\lavoro\git\__customerservice__\ot biolab+\otcomm\DataValidator.h(73): warning C4490: 'override': incorrect use of override specifier; 'OTComm::DataValidatorTrigger::Initialize' does not match a base ref class method
  c:\lavoro\git\__customerservice__\ot biolab+\otcomm\DataValidator.h(73): note: 'new' or 'override' are only allowed when a matching base method from a ref class exists
DataGeneratorInterface.cpp(253): warning C4018: '>=': signed/unsigned mismatch
DataGeneratorInterface.cpp(374): warning C4018: '<': signed/unsigned mismatch
DataGeneratorInterface.cpp(384): warning C4018: '<': signed/unsigned mismatch
DataGeneratorInterface.cpp(702): warning C4244: 'argument': conversion from 'short' to 'char', possible loss of data
DataGeneratorInterface.cpp(725): warning C4244: 'argument': conversion from 'short' to 'char', possible loss of data
  DataGeneratorQuattro.cpp
c:\lavoro\git\__customerservice__\ot biolab+\otcomm\AdapterQuattro.h(286): warning C4490: 'override': incorrect use of override specifier; 'OTComm::Quattro::AdapterAux::UnitOfMeasurement::get' does not match a base ref class method
  c:\lavoro\git\__customerservice__\ot biolab+\otcomm\AdapterQuattro.h(286): note: 'new' or 'override' are only allowed when a matching base method from a ref class exists
DataGeneratorQuattro.cpp(989): warning C4805: '==': unsafe mix of type 'int' and type 'bool' in operation
DataGeneratorQuattro.cpp(1288): warning C4101: 'error': unreferenced local variable
DataGeneratorQuattro.cpp(1287): warning C4101: 'index': unreferenced local variable
DataGeneratorQuattro.cpp(1289): warning C4101: 'ch': unreferenced local variable
DataGeneratorQuattro.cpp(1544): warning C4101: 'rawtime': unreferenced local variable
DataGeneratorQuattro.cpp(1541): warning C4101: 'numberOfBytesTransferred': unreferenced local variable
DataGeneratorQuattro.cpp(1533): warning C4101: 'TmpBuffer': unreferenced local variable
  DataGeneratorQuattrocento.cpp
c:\lavoro\git\__customerservice__\ot biolab+\otcomm\AdapterQuattrocento.h(247): warning C4490: 'override': incorrect use of override specifier; 'OTComm::Quattrocento::AdapterAux::UnitOfMeasurement::get' does not match a base ref class method
  c:\lavoro\git\__customerservice__\ot biolab+\otcomm\AdapterQuattrocento.h(247): note: 'new' or 'override' are only allowed when a matching base method from a ref class exists
c:\lavoro\git\__customerservice__\ot biolab+\otcomm\DataValidator.h(73): warning C4490: 'override': incorrect use of override specifier; 'OTComm::DataValidatorTrigger::Initialize' does not match a base ref class method
  c:\lavoro\git\__customerservice__\ot biolab+\otcomm\DataValidator.h(73): note: 'new' or 'override' are only allowed when a matching base method from a ref class exists
DataGeneratorQuattrocento.cpp(119): warning C4244: 'argument': conversion from 'unsigned int' to 'float', possible loss of data
DataGeneratorQuattrocento.cpp(837): warning C4996: 'inet_addr': Use inet_pton() or InetPton() instead or define _WINSOCK_DEPRECATED_NO_WARNINGS to disable deprecated API warnings
  C:\Program Files (x86)\Windows Kits\8.1\Include\um\winsock2.h(1850): note: see declaration of 'inet_addr'
DataGeneratorQuattrocento.cpp(1581): warning C4805: '==': unsafe mix of type 'int' and type 'bool' in operation
DataGeneratorQuattrocento.cpp(1631): warning C4805: '==': unsafe mix of type 'int' and type 'bool' in operation
  DataGeneratorTest.cpp
  DataGeneratorTrentadue.cpp
DataGeneratorTrentadue.cpp(378): warning C4996: 'inet_addr': Use inet_pton() or InetPton() instead or define _WINSOCK_DEPRECATED_NO_WARNINGS to disable deprecated API warnings
  C:\Program Files (x86)\Windows Kits\8.1\Include\um\winsock2.h(1850): note: see declaration of 'inet_addr'
  DataValidator.cpp
c:\lavoro\git\__customerservice__\ot biolab+\otcomm\DataValidator.h(73): warning C4490: 'override': incorrect use of override specifier; 'OTComm::DataValidatorTrigger::Initialize' does not match a base ref class method
  c:\lavoro\git\__customerservice__\ot biolab+\otcomm\DataValidator.h(73): note: 'new' or 'override' are only allowed when a matching base method from a ref class exists
  DebugLog.cpp
  ErrorDescription.cpp
  GenericAdapter.cpp
  Muscles.cpp
  OTWMI.cpp
  GenericChannels.cpp
  SocketGroupInterface.cpp
c:\lavoro\git\__customerservice__\ot biolab+\otcomm\DataValidator.h(73): warning C4490: 'override': incorrect use of override specifier; 'OTComm::DataValidatorTrigger::Initialize' does not match a base ref class method
  c:\lavoro\git\__customerservice__\ot biolab+\otcomm\DataValidator.h(73): note: 'new' or 'override' are only allowed when a matching base method from a ref class exists
  Generating Code...
c:\lavoro\git\__customerservice__\ot biolab+\otcomm\datageneratorquattro.cpp(1834): warning C4715: 'OTComm::Quattro::AsyncIoSerialBt': not all control paths return a value
  Compiling...
  Utilities.cpp
  DataConsumerInterface.cpp
c:\lavoro\git\__customerservice__\ot biolab+\otcomm\DataValidator.h(73): warning C4490: 'override': incorrect use of override specifier; 'OTComm::DataValidatorTrigger::Initialize' does not match a base ref class method
  c:\lavoro\git\__customerservice__\ot biolab+\otcomm\DataValidator.h(73): note: 'new' or 'override' are only allowed when a matching base method from a ref class exists
  Generating Code...
  DataConsumerLog16.cpp
c:\lavoro\git\__customerservice__\ot biolab+\otcomm\DataValidator.h(73): warning C4490: 'override': incorrect use of override specifier; 'OTComm::DataValidatorTrigger::Initialize' does not match a base ref class method
  c:\lavoro\git\__customerservice__\ot biolab+\otcomm\DataValidator.h(73): note: 'new' or 'override' are only allowed when a matching base method from a ref class exists
DataConsumerLog16.cpp(88): warning C4101: 'ex': unreferenced local variable
  DataConsumerLog32.cpp
c:\lavoro\git\__customerservice__\ot biolab+\otcomm\DataValidator.h(73): warning C4490: 'override': incorrect use of override specifier; 'OTComm::DataValidatorTrigger::Initialize' does not match a base ref class method
  c:\lavoro\git\__customerservice__\ot biolab+\otcomm\DataValidator.h(73): note: 'new' or 'override' are only allowed when a matching base method from a ref class exists
  DataConsumerLog8.cpp
c:\lavoro\git\__customerservice__\ot biolab+\otcomm\DataValidator.h(73): warning C4490: 'override': incorrect use of override specifier; 'OTComm::DataValidatorTrigger::Initialize' does not match a base ref class method
  c:\lavoro\git\__customerservice__\ot biolab+\otcomm\DataValidator.h(73): note: 'new' or 'override' are only allowed when a matching base method from a ref class exists
  DataConsumerLogMultiSource.cpp
c:\lavoro\git\__customerservice__\ot biolab+\otcomm\DataValidator.h(73): warning C4490: 'override': incorrect use of override specifier; 'OTComm::DataValidatorTrigger::Initialize' does not match a base ref class method
  c:\lavoro\git\__customerservice__\ot biolab+\otcomm\DataValidator.h(73): note: 'new' or 'override' are only allowed when a matching base method from a ref class exists
DataConsumerLogMultiSource.cpp(53): warning C4965: implicit box of integer 0; use nullptr or explicit cast
  DataGeneratorAnEMG.cpp
  DataGeneratorCal4Met.cpp
  DataGeneratorFormeter.cpp
  DataGeneratorMEBA.cpp
  DataGeneratorMuovi.cpp
c:\lavoro\git\__customerservice__\ot biolab+\otcomm\DataValidator.h(73): warning C4490: 'override': incorrect use of override specifier; 'OTComm::DataValidatorTrigger::Initialize' does not match a base ref class method
  c:\lavoro\git\__customerservice__\ot biolab+\otcomm\DataValidator.h(73): note: 'new' or 'override' are only allowed when a matching base method from a ref class exists
c:\lavoro\git\__customerservice__\ot biolab+\otcomm\AdapterMuovi.h(43): warning C4490: 'override': incorrect use of override specifier; 'OTComm::Muovi::AdapterAux::UnitOfMeasurement::get' does not match a base ref class method
  c:\lavoro\git\__customerservice__\ot biolab+\otcomm\AdapterMuovi.h(43): note: 'new' or 'override' are only allowed when a matching base method from a ref class exists
c:\lavoro\git\__customerservice__\ot biolab+\otcomm\AdapterMuovi.h(90): warning C4490: 'override': incorrect use of override specifier; 'OTComm::Muovi::AdapterIsoAux::UnitOfMeasurement::get' does not match a base ref class method
  c:\lavoro\git\__customerservice__\ot biolab+\otcomm\AdapterMuovi.h(90): note: 'new' or 'override' are only allowed when a matching base method from a ref class exists
DataGeneratorMuovi.cpp(1102): warning C4101: 'RecvBytes': unreferenced local variable
  DataGeneratorOtto.cpp
  DataGeneratorSessantaquattro.cpp
c:\lavoro\git\__customerservice__\ot biolab+\otcomm\AdapterSessantaquattro.h(42): warning C4490: 'override': incorrect use of override specifier; 'OTComm::Sessantaquattro::AdapterAux::UnitOfMeasurement::get' does not match a base ref class method
  c:\lavoro\git\__customerservice__\ot biolab+\otcomm\AdapterSessantaquattro.h(42): note: 'new' or 'override' are only allowed when a matching base method from a ref class exists
c:\lavoro\git\__customerservice__\ot biolab+\otcomm\AdapterSessantaquattro.h(89): warning C4490: 'override': incorrect use of override specifier; 'OTComm::Sessantaquattro::AdapterIsoAux::UnitOfMeasurement::get' does not match a base ref class method
  c:\lavoro\git\__customerservice__\ot biolab+\otcomm\AdapterSessantaquattro.h(89): note: 'new' or 'override' are only allowed when a matching base method from a ref class exists
c:\lavoro\git\__customerservice__\ot biolab+\otcomm\DataValidator.h(73): warning C4490: 'override': incorrect use of override specifier; 'OTComm::DataValidatorTrigger::Initialize' does not match a base ref class method
  c:\lavoro\git\__customerservice__\ot biolab+\otcomm\DataValidator.h(73): note: 'new' or 'override' are only allowed when a matching base method from a ref class exists
DataGeneratorSessantaquattro.cpp(1310): warning C4101: 'RecvBytes': unreferenced local variable
  GenericException.cpp
  Generating Code...
  .NETFramework,Version=v4.0.AssemblyAttributes.cpp
  OTComm.vcxproj -> C:\Lavoro\GIT\__CUSTOMERSERVICE__\OT BioLab+\Debug\OTComm.dll
  OTComm.vcxproj -> C:\Lavoro\GIT\__CUSTOMERSERVICE__\OT BioLab+\Debug\OTComm.pdb (Full PDB)
  Microsoft (R)  XML Document Comments Merge Tool  Version 14.00.24210
  Copyright (C)  Microsoft Corporation.  All rights reserved.
  
