  AssemblyInfo.cpp
  DataConsumerLog8.cpp
c:\lavoro\git\__customerservice__\ot biolab+\otcomm\DataValidator.h(73): warning C4490: 'override': incorrect use of override specifier; 'OTComm::DataValidatorTrigger::Initialize' does not match a base ref class method
  c:\lavoro\git\__customerservice__\ot biolab+\otcomm\DataValidator.h(73): note: 'new' or 'override' are only allowed when a matching base method from a ref class exists
  DataConverter.cpp
  DataConsumerLog.cpp
c:\lavoro\git\__customerservice__\ot biolab+\otcomm\DataValidator.h(73): warning C4490: 'override': incorrect use of override specifier; 'OTComm::DataValidatorTrigger::Initialize' does not match a base ref class method
  c:\lavoro\git\__customerservice__\ot biolab+\otcomm\DataValidator.h(73): note: 'new' or 'override' are only allowed when a matching base method from a ref class exists
  DataConsumerSocket.cpp
c:\lavoro\git\__customerservice__\ot biolab+\otcomm\DataValidator.h(73): warning C4490: 'override': incorrect use of override specifier; 'OTComm::DataValidatorTrigger::Initialize' does not match a base ref class method
  c:\lavoro\git\__customerservice__\ot biolab+\otcomm\DataValidator.h(73): note: 'new' or 'override' are only allowed when a matching base method from a ref class exists
  DataGeneratorAnEMG.cpp
c:\lavoro\git\__customerservice__\ot biolab+\otcomm\DataGeneratorAnEMG.h(43): warning C4633: XML document comment applied to 'OTComm.AnEMG.DataGeneratorAnEMG.#ctor(System.UInt32)': error:  'model' is not a parameter named in the declaration of this function.
DataGeneratorAnEMG.cpp(255): warning C4101: 'ex': unreferenced local variable
DataGeneratorAnEMG.cpp(265): warning C4101: 'ex': unreferenced local variable
DataGeneratorAnEMG.cpp(595): warning C4312: 'type cast': conversion from 'HFILE' to 'HANDLE' of greater size
  DataGeneratorCal4Met.cpp
DataGeneratorCal4Met.cpp(139): warning C4101: 'ex': unreferenced local variable
  DataGeneratorDue.cpp
c:\lavoro\git\__customerservice__\ot biolab+\otcomm\AdapterDue.h(174): warning C4490: 'override': incorrect use of override specifier; 'OTComm::Due::AdapterQuaternions::UnitOfMeasurement::get' does not match a base ref class method
  c:\lavoro\git\__customerservice__\ot biolab+\otcomm\AdapterDue.h(174): note: 'new' or 'override' are only allowed when a matching base method from a ref class exists
c:\lavoro\git\__customerservice__\ot biolab+\otcomm\DataGeneratorDue.h(68): warning C4633: XML document comment applied to 'OTComm.Due.DataGeneratorDue.#ctor(System.String,System.UInt32!System.Runtime.CompilerServices.IsLong)': error:  'TotalChannels' is not a parameter named in the declaration of this function.
DataGeneratorDue.cpp(33): warning C4018: '<': signed/unsigned mismatch
DataGeneratorDue.cpp(50): warning C4018: '>=': signed/unsigned mismatch
DataGeneratorDue.cpp(66): warning C4018: '>=': signed/unsigned mismatch
DataGeneratorDue.cpp(122): warning C4101: 'ex': unreferenced local variable
DataGeneratorDue.cpp(132): warning C4101: 'ex': unreferenced local variable
DataGeneratorDue.cpp(371): warning C4018: '<': signed/unsigned mismatch
DataGeneratorDue.cpp(432): warning C4838: conversion from 'int' to 'char' requires a narrowing conversion
DataGeneratorDue.cpp(432): warning C4309: 'initializing': truncation of constant value
DataGeneratorDue.cpp(596): warning C4267: '=': conversion from 'size_t' to 'unsigned short', possible loss of data
DataGeneratorDue.cpp(625): warning C4267: '=': conversion from 'size_t' to 'unsigned short', possible loss of data
DataGeneratorDue.cpp(824): warning C4267: 'argument': conversion from 'size_t' to 'DWORD', possible loss of data
DataGeneratorDue.cpp(829): warning C4805: '==': unsafe mix of type 'int' and type 'bool' in operation
DataGeneratorDue.cpp(1014): warning C4805: '==': unsafe mix of type 'unsigned char' and type 'bool' in operation
DataGeneratorDue.cpp(1023): warning C4267: 'argument': conversion from 'size_t' to 'unsigned short', possible loss of data
DataGeneratorDue.cpp(1035): warning C4267: 'argument': conversion from 'size_t' to 'unsigned short', possible loss of data
DataGeneratorDue.cpp(1085): warning C4805: '==': unsafe mix of type 'unsigned char' and type 'bool' in operation
DataGeneratorDue.cpp(1094): warning C4267: 'argument': conversion from 'size_t' to 'unsigned short', possible loss of data
DataGeneratorDue.cpp(1106): warning C4267: 'argument': conversion from 'size_t' to 'unsigned short', possible loss of data
DataGeneratorDue.cpp(1354): warning C4267: 'argument': conversion from 'size_t' to 'DWORD', possible loss of data
DataGeneratorDue.cpp(1359): warning C4805: '==': unsafe mix of type 'int' and type 'bool' in operation
DataGeneratorDue.cpp(1463): warning C4805: '==': unsafe mix of type 'unsigned char' and type 'bool' in operation
DataGeneratorDue.cpp(1472): warning C4267: 'argument': conversion from 'size_t' to 'unsigned short', possible loss of data
DataGeneratorDue.cpp(1484): warning C4267: 'argument': conversion from 'size_t' to 'unsigned short', possible loss of data
DataGeneratorDue.cpp(1528): warning C4805: '==': unsafe mix of type 'unsigned char' and type 'bool' in operation
DataGeneratorDue.cpp(1537): warning C4267: 'argument': conversion from 'size_t' to 'unsigned short', possible loss of data
DataGeneratorDue.cpp(1549): warning C4267: 'argument': conversion from 'size_t' to 'unsigned short', possible loss of data
  DataGeneratorEMGUSB.cpp
c:\lavoro\git\__customerservice__\ot biolab+\otcomm\AdapterEMGUSB.h(231): warning C4490: 'override': incorrect use of override specifier; 'OTComm::EMGUSB::AdapterAux::UnitOfMeasurement::get' does not match a base ref class method
  c:\lavoro\git\__customerservice__\ot biolab+\otcomm\AdapterEMGUSB.h(231): note: 'new' or 'override' are only allowed when a matching base method from a ref class exists
c:\lavoro\git\__customerservice__\ot biolab+\otcomm\DataValidator.h(73): warning C4490: 'override': incorrect use of override specifier; 'OTComm::DataValidatorTrigger::Initialize' does not match a base ref class method
  c:\lavoro\git\__customerservice__\ot biolab+\otcomm\DataValidator.h(73): note: 'new' or 'override' are only allowed when a matching base method from a ref class exists
DataGeneratorEMGUSB.cpp(576): warning C4101: 'ex': unreferenced local variable
DataGeneratorEMGUSB.cpp(606): warning C4101: 'ex': unreferenced local variable
DataGeneratorEMGUSB.cpp(1538): warning C4312: 'type cast': conversion from 'HFILE' to 'HANDLE' of greater size
  DataGeneratorFormeter.cpp
c:\lavoro\git\__customerservice__\ot biolab+\otcomm\DataGeneratorFormeter.h(53): warning C4633: XML document comment applied to 'OTComm.Formeter.DataGeneratorForemg.#ctor': error:  'adapter' is not a parameter named in the declaration of this function.
c:\lavoro\git\__customerservice__\ot biolab+\otcomm\DataGeneratorFormeter.h(53): warning C4633: XML document comment applied to 'OTComm.Formeter.DataGeneratorForemg.#ctor': error:  'aux' is not a parameter named in the declaration of this function.
c:\lavoro\git\__customerservice__\ot biolab+\otcomm\DataGeneratorFormeter.h(53): warning C4633: XML document comment applied to 'OTComm.Formeter.DataGeneratorForemg.#ctor': error:  'SamplingFrequency' is not a parameter named in the declaration of this function.
DataGeneratorFormeter.cpp(376): warning C4101: 'ex': unreferenced local variable
  DataGeneratorForza.cpp
DataGeneratorForza.cpp(165): warning C4101: 'ex': unreferenced local variable
DataGeneratorForza.cpp(176): warning C4101: 'ex': unreferenced local variable
DataGeneratorForza.cpp(408): warning C4838: conversion from 'int' to 'char' requires a narrowing conversion
DataGeneratorForza.cpp(408): warning C4309: 'initializing': truncation of constant value
DataGeneratorForza.cpp(837): warning C4805: '==': unsafe mix of type 'int' and type 'bool' in operation
  DataGeneratorInterface.cpp
c:\lavoro\git\__customerservice__\ot biolab+\otcomm\DataValidator.h(73): warning C4490: 'override': incorrect use of override specifier; 'OTComm::DataValidatorTrigger::Initialize' does not match a base ref class method
  c:\lavoro\git\__customerservice__\ot biolab+\otcomm\DataValidator.h(73): note: 'new' or 'override' are only allowed when a matching base method from a ref class exists
DataGeneratorInterface.cpp(253): warning C4018: '>=': signed/unsigned mismatch
DataGeneratorInterface.cpp(374): warning C4018: '<': signed/unsigned mismatch
DataGeneratorInterface.cpp(384): warning C4018: '<': signed/unsigned mismatch
DataGeneratorInterface.cpp(702): warning C4244: 'argument': conversion from 'short' to 'char', possible loss of data
DataGeneratorInterface.cpp(725): warning C4244: 'argument': conversion from 'short' to 'char', possible loss of data
  DataGeneratorMEBA.cpp
c:\lavoro\git\__customerservice__\ot biolab+\otcomm\DataGeneratorMEBA.h(28): warning C4633: XML document comment applied to 'OTComm.MEBA.DataGeneratorMEBA.#ctor(System.UInt32)': error:  'model' is not a parameter named in the declaration of this function.
DataGeneratorMEBA.cpp(502): warning C4101: 'ex': unreferenced local variable
DataGeneratorMEBA.cpp(515): warning C4101: 'ex': unreferenced local variable
DataGeneratorMEBA.cpp(989): warning C4312: 'type cast': conversion from 'unsigned int' to 'HANDLE' of greater size
  DataGeneratorQuattro.cpp
c:\lavoro\git\__customerservice__\ot biolab+\otcomm\AdapterQuattro.h(286): warning C4490: 'override': incorrect use of override specifier; 'OTComm::Quattro::AdapterAux::UnitOfMeasurement::get' does not match a base ref class method
  c:\lavoro\git\__customerservice__\ot biolab+\otcomm\AdapterQuattro.h(286): note: 'new' or 'override' are only allowed when a matching base method from a ref class exists
DataGeneratorQuattro.cpp(159): warning C4101: 'ex': unreferenced local variable
DataGeneratorQuattro.cpp(171): warning C4101: 'ex': unreferenced local variable
DataGeneratorQuattro.cpp(899): warning C4101: 'completedOv': unreferenced local variable
DataGeneratorQuattro.cpp(900): warning C4101: 'key': unreferenced local variable
DataGeneratorQuattro.cpp(1083): warning C4101: 'error': unreferenced local variable
DataGeneratorQuattro.cpp(1082): warning C4101: 'index': unreferenced local variable
DataGeneratorQuattro.cpp(1084): warning C4101: 'ch': unreferenced local variable
DataGeneratorQuattro.cpp(1339): warning C4101: 'rawtime': unreferenced local variable
DataGeneratorQuattro.cpp(1336): warning C4101: 'numberOfBytesTransferred': unreferenced local variable
DataGeneratorQuattro.cpp(1328): warning C4101: 'TmpBuffer': unreferenced local variable
  DataGeneratorQuattrocento.cpp
c:\lavoro\git\__customerservice__\ot biolab+\otcomm\AdapterQuattrocento.h(278): warning C4490: 'override': incorrect use of override specifier; 'OTComm::Quattrocento::AdapterAux::UnitOfMeasurement::get' does not match a base ref class method
  c:\lavoro\git\__customerservice__\ot biolab+\otcomm\AdapterQuattrocento.h(278): note: 'new' or 'override' are only allowed when a matching base method from a ref class exists
c:\lavoro\git\__customerservice__\ot biolab+\otcomm\DataValidator.h(73): warning C4490: 'override': incorrect use of override specifier; 'OTComm::DataValidatorTrigger::Initialize' does not match a base ref class method
  c:\lavoro\git\__customerservice__\ot biolab+\otcomm\DataValidator.h(73): note: 'new' or 'override' are only allowed when a matching base method from a ref class exists
DataGeneratorQuattrocento.cpp(119): warning C4244: 'argument': conversion from 'unsigned int' to 'float', possible loss of data
DataGeneratorQuattrocento.cpp(282): warning C4101: 'ex': unreferenced local variable
DataGeneratorQuattrocento.cpp(321): warning C4101: 'ex': unreferenced local variable
DataGeneratorQuattrocento.cpp(865): warning C4996: 'inet_addr': Use inet_pton() or InetPton() instead or define _WINSOCK_DEPRECATED_NO_WARNINGS to disable deprecated API warnings
  C:\Program Files (x86)\Windows Kits\8.1\Include\um\winsock2.h(1850): note: see declaration of 'inet_addr'
DataGeneratorQuattrocento.cpp(1609): warning C4805: '==': unsafe mix of type 'int' and type 'bool' in operation
DataGeneratorQuattrocento.cpp(1659): warning C4805: '==': unsafe mix of type 'int' and type 'bool' in operation
  DataGeneratorTest.cpp
  DataGeneratorTrentadue.cpp
DataGeneratorTrentadue.cpp(206): warning C4101: 'ex': unreferenced local variable
DataGeneratorTrentadue.cpp(216): warning C4101: 'ex': unreferenced local variable
DataGeneratorTrentadue.cpp(392): warning C4996: 'inet_addr': Use inet_pton() or InetPton() instead or define _WINSOCK_DEPRECATED_NO_WARNINGS to disable deprecated API warnings
  C:\Program Files (x86)\Windows Kits\8.1\Include\um\winsock2.h(1850): note: see declaration of 'inet_addr'
  DataValidator.cpp
c:\lavoro\git\__customerservice__\ot biolab+\otcomm\DataValidator.h(73): warning C4490: 'override': incorrect use of override specifier; 'OTComm::DataValidatorTrigger::Initialize' does not match a base ref class method
  c:\lavoro\git\__customerservice__\ot biolab+\otcomm\DataValidator.h(73): note: 'new' or 'override' are only allowed when a matching base method from a ref class exists
  DebugLog.cpp
  ErrorDescription.cpp
  Generating Code...
c:\lavoro\git\__customerservice__\ot biolab+\otcomm\datageneratorquattro.cpp(1629): warning C4715: 'OTComm::Quattro::AsyncIoSerialBt': not all control paths return a value
  Compiling...
  GenericAdapter.cpp
  Muscles.cpp
  OTWMI.cpp
  GenericChannels.cpp
  SocketGroupInterface.cpp
c:\lavoro\git\__customerservice__\ot biolab+\otcomm\DataValidator.h(73): warning C4490: 'override': incorrect use of override specifier; 'OTComm::DataValidatorTrigger::Initialize' does not match a base ref class method
  c:\lavoro\git\__customerservice__\ot biolab+\otcomm\DataValidator.h(73): note: 'new' or 'override' are only allowed when a matching base method from a ref class exists
  Utilities.cpp
  DataConsumerInterface.cpp
c:\lavoro\git\__customerservice__\ot biolab+\otcomm\DataValidator.h(73): warning C4490: 'override': incorrect use of override specifier; 'OTComm::DataValidatorTrigger::Initialize' does not match a base ref class method
  c:\lavoro\git\__customerservice__\ot biolab+\otcomm\DataValidator.h(73): note: 'new' or 'override' are only allowed when a matching base method from a ref class exists
  Generating Code...
  DataConsumerLog16.cpp
c:\lavoro\git\__customerservice__\ot biolab+\otcomm\DataValidator.h(73): warning C4490: 'override': incorrect use of override specifier; 'OTComm::DataValidatorTrigger::Initialize' does not match a base ref class method
  c:\lavoro\git\__customerservice__\ot biolab+\otcomm\DataValidator.h(73): note: 'new' or 'override' are only allowed when a matching base method from a ref class exists
DataConsumerLog16.cpp(88): warning C4101: 'ex': unreferenced local variable
  DataConsumerLog32.cpp
c:\lavoro\git\__customerservice__\ot biolab+\otcomm\DataValidator.h(73): warning C4490: 'override': incorrect use of override specifier; 'OTComm::DataValidatorTrigger::Initialize' does not match a base ref class method
  c:\lavoro\git\__customerservice__\ot biolab+\otcomm\DataValidator.h(73): note: 'new' or 'override' are only allowed when a matching base method from a ref class exists
  DataConsumerLogMultiSource.cpp
c:\lavoro\git\__customerservice__\ot biolab+\otcomm\DataValidator.h(73): warning C4490: 'override': incorrect use of override specifier; 'OTComm::DataValidatorTrigger::Initialize' does not match a base ref class method
  c:\lavoro\git\__customerservice__\ot biolab+\otcomm\DataValidator.h(73): note: 'new' or 'override' are only allowed when a matching base method from a ref class exists
DataConsumerLogMultiSource.cpp(53): warning C4965: implicit box of integer 0; use nullptr or explicit cast
  DataGeneratorMuovi.cpp
c:\lavoro\git\__customerservice__\ot biolab+\otcomm\DataValidator.h(73): warning C4490: 'override': incorrect use of override specifier; 'OTComm::DataValidatorTrigger::Initialize' does not match a base ref class method
  c:\lavoro\git\__customerservice__\ot biolab+\otcomm\DataValidator.h(73): note: 'new' or 'override' are only allowed when a matching base method from a ref class exists
c:\lavoro\git\__customerservice__\ot biolab+\otcomm\AdapterMuovi.h(43): warning C4490: 'override': incorrect use of override specifier; 'OTComm::Muovi::AdapterAux::UnitOfMeasurement::get' does not match a base ref class method
  c:\lavoro\git\__customerservice__\ot biolab+\otcomm\AdapterMuovi.h(43): note: 'new' or 'override' are only allowed when a matching base method from a ref class exists
c:\lavoro\git\__customerservice__\ot biolab+\otcomm\AdapterMuovi.h(90): warning C4490: 'override': incorrect use of override specifier; 'OTComm::Muovi::AdapterIsoAux::UnitOfMeasurement::get' does not match a base ref class method
  c:\lavoro\git\__customerservice__\ot biolab+\otcomm\AdapterMuovi.h(90): note: 'new' or 'override' are only allowed when a matching base method from a ref class exists
c:\lavoro\git\__customerservice__\ot biolab+\otcomm\AdapterMuovi.h(196): warning C4490: 'override': incorrect use of override specifier; 'OTComm::Muovi::AdapterQuaternions::UnitOfMeasurement::get' does not match a base ref class method
  c:\lavoro\git\__customerservice__\ot biolab+\otcomm\AdapterMuovi.h(196): note: 'new' or 'override' are only allowed when a matching base method from a ref class exists
DataGeneratorMuovi.cpp(42): warning C4018: '<': signed/unsigned mismatch
DataGeneratorMuovi.cpp(221): warning C4101: 'ex': unreferenced local variable
DataGeneratorMuovi.cpp(1101): warning C4101: 'RecvBytes': unreferenced local variable
DataGeneratorMuovi.cpp(973): warning C4101: 'detectionMode': unreferenced local variable
  DataGeneratorMuoviPiu.cpp
c:\lavoro\git\__customerservice__\ot biolab+\otcomm\DataValidator.h(73): warning C4490: 'override': incorrect use of override specifier; 'OTComm::DataValidatorTrigger::Initialize' does not match a base ref class method
  c:\lavoro\git\__customerservice__\ot biolab+\otcomm\DataValidator.h(73): note: 'new' or 'override' are only allowed when a matching base method from a ref class exists
c:\lavoro\git\__customerservice__\ot biolab+\otcomm\AdapterMuoviPiu.h(43): warning C4490: 'override': incorrect use of override specifier; 'OTComm::MuoviPiu::AdapterAux::UnitOfMeasurement::get' does not match a base ref class method
  c:\lavoro\git\__customerservice__\ot biolab+\otcomm\AdapterMuoviPiu.h(43): note: 'new' or 'override' are only allowed when a matching base method from a ref class exists
c:\lavoro\git\__customerservice__\ot biolab+\otcomm\AdapterMuoviPiu.h(148): warning C4490: 'override': incorrect use of override specifier; 'OTComm::MuoviPiu::AdapterQuaternions::UnitOfMeasurement::get' does not match a base ref class method
  c:\lavoro\git\__customerservice__\ot biolab+\otcomm\AdapterMuoviPiu.h(148): note: 'new' or 'override' are only allowed when a matching base method from a ref class exists
DataGeneratorMuoviPiu.cpp(44): warning C4018: '<': signed/unsigned mismatch
DataGeneratorMuoviPiu.cpp(235): warning C4101: 'ex': unreferenced local variable
DataGeneratorMuoviPiu.cpp(246): warning C4101: 'ex': unreferenced local variable
DataGeneratorMuoviPiu.cpp(266): warning C4101: 'ex': unreferenced local variable
DataGeneratorMuoviPiu.cpp(292): warning C4101: 'ex': unreferenced local variable
DataGeneratorMuoviPiu.cpp(381): warning C4101: 'ex': unreferenced local variable
DataGeneratorMuoviPiu.cpp(392): warning C4101: 'ex': unreferenced local variable
DataGeneratorMuoviPiu.cpp(412): warning C4101: 'ex': unreferenced local variable
DataGeneratorMuoviPiu.cpp(438): warning C4101: 'ex': unreferenced local variable
DataGeneratorMuoviPiu.cpp(1579): warning C4101: 'RecvBytes': unreferenced local variable
DataGeneratorMuoviPiu.cpp(1450): warning C4101: 'detectionMode': unreferenced local variable
  DataGeneratorOtto.cpp
DataGeneratorOtto.cpp(375): warning C4101: 'ex': unreferenced local variable
  DataGeneratorSessantaquattro.cpp
c:\lavoro\git\__customerservice__\ot biolab+\otcomm\AdapterSessantaquattro.h(42): warning C4490: 'override': incorrect use of override specifier; 'OTComm::Sessantaquattro::AdapterAux::UnitOfMeasurement::get' does not match a base ref class method
  c:\lavoro\git\__customerservice__\ot biolab+\otcomm\AdapterSessantaquattro.h(42): note: 'new' or 'override' are only allowed when a matching base method from a ref class exists
c:\lavoro\git\__customerservice__\ot biolab+\otcomm\AdapterSessantaquattro.h(89): warning C4490: 'override': incorrect use of override specifier; 'OTComm::Sessantaquattro::AdapterIsoAux::UnitOfMeasurement::get' does not match a base ref class method
  c:\lavoro\git\__customerservice__\ot biolab+\otcomm\AdapterSessantaquattro.h(89): note: 'new' or 'override' are only allowed when a matching base method from a ref class exists
c:\lavoro\git\__customerservice__\ot biolab+\otcomm\DataValidator.h(73): warning C4490: 'override': incorrect use of override specifier; 'OTComm::DataValidatorTrigger::Initialize' does not match a base ref class method
  c:\lavoro\git\__customerservice__\ot biolab+\otcomm\DataValidator.h(73): note: 'new' or 'override' are only allowed when a matching base method from a ref class exists
DataGeneratorSessantaquattro.cpp(281): warning C4101: 'ex': unreferenced local variable
DataGeneratorSessantaquattro.cpp(342): warning C4101: 'ex': unreferenced local variable
DataGeneratorSessantaquattro.cpp(1336): warning C4101: 'ex': unreferenced local variable
DataGeneratorSessantaquattro.cpp(1723): warning C4996: 'strcpy': This function or variable may be unsafe. Consider using strcpy_s instead. To disable deprecation, use _CRT_SECURE_NO_WARNINGS. See online help for details.
  C:\Program Files (x86)\Windows Kits\10\Include\10.0.10240.0\ucrt\string.h(119): note: see declaration of 'strcpy'
DataGeneratorSessantaquattro.cpp(1723): warning C4996: 'inet_ntoa': Use inet_ntop() or InetNtop() instead or define _WINSOCK_DEPRECATED_NO_WARNINGS to disable deprecated API warnings
  C:\Program Files (x86)\Windows Kits\8.1\Include\um\winsock2.h(1868): note: see declaration of 'inet_ntoa'
DataGeneratorSessantaquattro.cpp(1702): warning C4101: 'RecvBytes': unreferenced local variable
DataGeneratorSessantaquattro.cpp(1681): warning C4101: 'recvbuf': unreferenced local variable
  DataGeneratorSessantaquattroPiu.cpp
c:\lavoro\git\__customerservice__\ot biolab+\otcomm\AdapterSessantaquattroPiu.h(42): warning C4490: 'override': incorrect use of override specifier; 'OTComm::SessantaquattroPiu::AdapterAux::UnitOfMeasurement::get' does not match a base ref class method
  c:\lavoro\git\__customerservice__\ot biolab+\otcomm\AdapterSessantaquattroPiu.h(42): note: 'new' or 'override' are only allowed when a matching base method from a ref class exists
c:\lavoro\git\__customerservice__\ot biolab+\otcomm\AdapterSessantaquattroPiu.h(89): warning C4490: 'override': incorrect use of override specifier; 'OTComm::SessantaquattroPiu::AdapterIsoAux::UnitOfMeasurement::get' does not match a base ref class method
  c:\lavoro\git\__customerservice__\ot biolab+\otcomm\AdapterSessantaquattroPiu.h(89): note: 'new' or 'override' are only allowed when a matching base method from a ref class exists
c:\lavoro\git\__customerservice__\ot biolab+\otcomm\AdapterSessantaquattroPiu.h(468): warning C4490: 'override': incorrect use of override specifier; 'OTComm::SessantaquattroPiu::AdapterQuaternions::UnitOfMeasurement::get' does not match a base ref class method
  c:\lavoro\git\__customerservice__\ot biolab+\otcomm\AdapterSessantaquattroPiu.h(468): note: 'new' or 'override' are only allowed when a matching base method from a ref class exists
c:\lavoro\git\__customerservice__\ot biolab+\otcomm\DataValidator.h(73): warning C4490: 'override': incorrect use of override specifier; 'OTComm::DataValidatorTrigger::Initialize' does not match a base ref class method
  c:\lavoro\git\__customerservice__\ot biolab+\otcomm\DataValidator.h(73): note: 'new' or 'override' are only allowed when a matching base method from a ref class exists
DataGeneratorSessantaquattroPiu.cpp(285): warning C4101: 'ex': unreferenced local variable
DataGeneratorSessantaquattroPiu.cpp(349): warning C4101: 'ex': unreferenced local variable
DataGeneratorSessantaquattroPiu.cpp(1369): warning C4101: 'ex': unreferenced local variable
DataGeneratorSessantaquattroPiu.cpp(1756): warning C4996: 'strcpy': This function or variable may be unsafe. Consider using strcpy_s instead. To disable deprecation, use _CRT_SECURE_NO_WARNINGS. See online help for details.
  C:\Program Files (x86)\Windows Kits\10\Include\10.0.10240.0\ucrt\string.h(119): note: see declaration of 'strcpy'
DataGeneratorSessantaquattroPiu.cpp(1756): warning C4996: 'inet_ntoa': Use inet_ntop() or InetNtop() instead or define _WINSOCK_DEPRECATED_NO_WARNINGS to disable deprecated API warnings
  C:\Program Files (x86)\Windows Kits\8.1\Include\um\winsock2.h(1868): note: see declaration of 'inet_ntoa'
DataGeneratorSessantaquattroPiu.cpp(1735): warning C4101: 'RecvBytes': unreferenced local variable
DataGeneratorSessantaquattroPiu.cpp(1714): warning C4101: 'recvbuf': unreferenced local variable
  DataGeneratorSyncstation.cpp
c:\lavoro\git\__customerservice__\ot biolab+\otcomm\AdapterSyncstation.h(184): warning C4490: 'override': incorrect use of override specifier; 'OTComm::Syncstation::AdapterSyncstationAux::UnitOfMeasurement::get' does not match a base ref class method
  c:\lavoro\git\__customerservice__\ot biolab+\otcomm\AdapterSyncstation.h(184): note: 'new' or 'override' are only allowed when a matching base method from a ref class exists
c:\lavoro\git\__customerservice__\ot biolab+\otcomm\AdapterSyncstation.h(232): warning C4490: 'override': incorrect use of override specifier; 'OTComm::Syncstation::AdapterAux::UnitOfMeasurement::get' does not match a base ref class method
  c:\lavoro\git\__customerservice__\ot biolab+\otcomm\AdapterSyncstation.h(232): note: 'new' or 'override' are only allowed when a matching base method from a ref class exists
c:\lavoro\git\__customerservice__\ot biolab+\otcomm\AdapterSyncstation.h(278): warning C4490: 'override': incorrect use of override specifier; 'OTComm::Syncstation::AdapterQuaternions::UnitOfMeasurement::get' does not match a base ref class method
  c:\lavoro\git\__customerservice__\ot biolab+\otcomm\AdapterSyncstation.h(278): note: 'new' or 'override' are only allowed when a matching base method from a ref class exists
c:\lavoro\git\__customerservice__\ot biolab+\otcomm\AdapterSyncstation.h(323): warning C4490: 'override': incorrect use of override specifier; 'OTComm::Syncstation::AdapterLoadCell::UnitOfMeasurement::get' does not match a base ref class method
  c:\lavoro\git\__customerservice__\ot biolab+\otcomm\AdapterSyncstation.h(323): note: 'new' or 'override' are only allowed when a matching base method from a ref class exists
c:\lavoro\git\__customerservice__\ot biolab+\otcomm\DataValidator.h(73): warning C4490: 'override': incorrect use of override specifier; 'OTComm::DataValidatorTrigger::Initialize' does not match a base ref class method
  c:\lavoro\git\__customerservice__\ot biolab+\otcomm\DataValidator.h(73): note: 'new' or 'override' are only allowed when a matching base method from a ref class exists
DataGeneratorSyncstation.cpp(32): warning C4018: '<': signed/unsigned mismatch
DataGeneratorSyncstation.cpp(147): warning C4018: '<': signed/unsigned mismatch
DataGeneratorSyncstation.cpp(250): warning C4244: '+=': conversion from 'double' to 'int', possible loss of data
DataGeneratorSyncstation.cpp(306): warning C4244: 'argument': conversion from 'unsigned int' to 'float', possible loss of data
DataGeneratorSyncstation.cpp(346): warning C4244: '+=': conversion from 'double' to 'int', possible loss of data
DataGeneratorSyncstation.cpp(487): warning C4101: 'ex': unreferenced local variable
DataGeneratorSyncstation.cpp(580): warning C4101: 'ex': unreferenced local variable
DataGeneratorSyncstation.cpp(611): warning C4101: 'ex': unreferenced local variable
DataGeneratorSyncstation.cpp(622): warning C4101: 'ex': unreferenced local variable
DataGeneratorSyncstation.cpp(642): warning C4101: 'ex': unreferenced local variable
DataGeneratorSyncstation.cpp(665): warning C4101: 'ex': unreferenced local variable
DataGeneratorSyncstation.cpp(694): warning C4101: 'ex': unreferenced local variable
DataGeneratorSyncstation.cpp(719): warning C4101: 'ex': unreferenced local variable
DataGeneratorSyncstation.cpp(739): warning C4101: 'ex': unreferenced local variable
DataGeneratorSyncstation.cpp(784): warning C4101: 'ex': unreferenced local variable
DataGeneratorSyncstation.cpp(896): warning C4101: 'ex': unreferenced local variable
DataGeneratorSyncstation.cpp(1238): warning C4101: 'ex': unreferenced local variable
DataGeneratorSyncstation.cpp(1322): warning C4101: 'ex': unreferenced local variable
DataGeneratorSyncstation.cpp(1421): warning C4101: 'ex': unreferenced local variable
DataGeneratorSyncstation.cpp(2191): warning C4018: '<': signed/unsigned mismatch
DataGeneratorSyncstation.cpp(2199): warning C4018: '<': signed/unsigned mismatch
DataGeneratorSyncstation.cpp(2207): warning C4018: '<': signed/unsigned mismatch
DataGeneratorSyncstation.cpp(2443): warning C4996: 'inet_addr': Use inet_pton() or InetPton() instead or define _WINSOCK_DEPRECATED_NO_WARNINGS to disable deprecated API warnings
  C:\Program Files (x86)\Windows Kits\8.1\Include\um\winsock2.h(1850): note: see declaration of 'inet_addr'
DataGeneratorSyncstation.cpp(2610): warning C4018: '<': signed/unsigned mismatch
DataGeneratorSyncstation.cpp(2628): warning C4018: '<': signed/unsigned mismatch
DataGeneratorSyncstation.cpp(2792): warning C4018: '<': signed/unsigned mismatch
DataGeneratorSyncstation.cpp(2878): warning C4018: '<': signed/unsigned mismatch
  GenericException.cpp
  Generating Code...
c:\lavoro\git\__customerservice__\ot biolab+\otcomm\datageneratormuovipiu.cpp(1130): warning C4700: uninitialized local variable 'probe' used
  .NETFramework,Version=v4.0.AssemblyAttributes.cpp
  LINK : /LTCG specified but no code generation required; remove /LTCG from the link command line to improve linker performance
  OTComm.vcxproj -> C:\Lavoro\GIT\__CUSTOMERSERVICE__\OT BioLab+\x64\Release\OTComm.dll
  OTComm.vcxproj -> C:\Lavoro\GIT\__CUSTOMERSERVICE__\OT BioLab+\x64\Release\OTComm.pdb (Full PDB)
