c:\lavoro\git\__customerservice__\ot biolab+\otcomm\x64\release\vc140.pdb
c:\lavoro\git\__customerservice__\ot biolab+\otcomm\x64\release\assemblyinfo.xdc
c:\lavoro\git\__customerservice__\ot biolab+\otcomm\x64\release\dataconsumerlog8.xdc
c:\lavoro\git\__customerservice__\ot biolab+\otcomm\x64\release\dataconverter.xdc
c:\lavoro\git\__customerservice__\ot biolab+\otcomm\x64\release\dataconsumerlog.xdc
c:\lavoro\git\__customerservice__\ot biolab+\otcomm\x64\release\dataconsumersocket.xdc
c:\lavoro\git\__customerservice__\ot biolab+\otcomm\x64\release\datageneratoranemg.xdc
c:\lavoro\git\__customerservice__\ot biolab+\otcomm\x64\release\datageneratorcal4met.xdc
c:\lavoro\git\__customerservice__\ot biolab+\otcomm\x64\release\datageneratordue.xdc
c:\lavoro\git\__customerservice__\ot biolab+\otcomm\x64\release\datageneratoremgusb.xdc
c:\lavoro\git\__customerservice__\ot biolab+\otcomm\x64\release\datageneratorformeter.xdc
c:\lavoro\git\__customerservice__\ot biolab+\otcomm\x64\release\datageneratorforza.xdc
c:\lavoro\git\__customerservice__\ot biolab+\otcomm\x64\release\datageneratorinterface.xdc
c:\lavoro\git\__customerservice__\ot biolab+\otcomm\x64\release\datageneratormeba.xdc
c:\lavoro\git\__customerservice__\ot biolab+\otcomm\x64\release\datageneratorquattro.xdc
c:\lavoro\git\__customerservice__\ot biolab+\otcomm\x64\release\datageneratorquattrocento.xdc
c:\lavoro\git\__customerservice__\ot biolab+\otcomm\x64\release\datageneratortest.xdc
c:\lavoro\git\__customerservice__\ot biolab+\otcomm\x64\release\datageneratortrentadue.xdc
c:\lavoro\git\__customerservice__\ot biolab+\otcomm\x64\release\datavalidator.xdc
c:\lavoro\git\__customerservice__\ot biolab+\otcomm\x64\release\debuglog.xdc
c:\lavoro\git\__customerservice__\ot biolab+\otcomm\x64\release\errordescription.xdc
c:\lavoro\git\__customerservice__\ot biolab+\otcomm\x64\release\errordescription.obj
c:\lavoro\git\__customerservice__\ot biolab+\otcomm\x64\release\debuglog.obj
c:\lavoro\git\__customerservice__\ot biolab+\otcomm\x64\release\datavalidator.obj
c:\lavoro\git\__customerservice__\ot biolab+\otcomm\x64\release\datageneratortrentadue.obj
c:\lavoro\git\__customerservice__\ot biolab+\otcomm\x64\release\datageneratortest.obj
c:\lavoro\git\__customerservice__\ot biolab+\otcomm\x64\release\datageneratorquattrocento.obj
c:\lavoro\git\__customerservice__\ot biolab+\otcomm\x64\release\datageneratorquattro.obj
c:\lavoro\git\__customerservice__\ot biolab+\otcomm\x64\release\datageneratormeba.obj
c:\lavoro\git\__customerservice__\ot biolab+\otcomm\x64\release\datageneratorinterface.obj
c:\lavoro\git\__customerservice__\ot biolab+\otcomm\x64\release\datageneratorforza.obj
c:\lavoro\git\__customerservice__\ot biolab+\otcomm\x64\release\datageneratorformeter.obj
c:\lavoro\git\__customerservice__\ot biolab+\otcomm\x64\release\datageneratoremgusb.obj
c:\lavoro\git\__customerservice__\ot biolab+\otcomm\x64\release\datageneratordue.obj
c:\lavoro\git\__customerservice__\ot biolab+\otcomm\x64\release\datageneratorcal4met.obj
c:\lavoro\git\__customerservice__\ot biolab+\otcomm\x64\release\datageneratoranemg.obj
c:\lavoro\git\__customerservice__\ot biolab+\otcomm\x64\release\dataconsumersocket.obj
c:\lavoro\git\__customerservice__\ot biolab+\otcomm\x64\release\dataconsumerlog.obj
c:\lavoro\git\__customerservice__\ot biolab+\otcomm\x64\release\dataconverter.obj
c:\lavoro\git\__customerservice__\ot biolab+\otcomm\x64\release\dataconsumerlog8.obj
c:\lavoro\git\__customerservice__\ot biolab+\otcomm\x64\release\assemblyinfo.obj
c:\lavoro\git\__customerservice__\ot biolab+\otcomm\x64\release\genericadapter.xdc
c:\lavoro\git\__customerservice__\ot biolab+\otcomm\x64\release\muscles.xdc
c:\lavoro\git\__customerservice__\ot biolab+\otcomm\x64\release\otwmi.xdc
c:\lavoro\git\__customerservice__\ot biolab+\otcomm\x64\release\genericchannels.xdc
c:\lavoro\git\__customerservice__\ot biolab+\otcomm\x64\release\socketgroupinterface.xdc
c:\lavoro\git\__customerservice__\ot biolab+\otcomm\x64\release\utilities.xdc
c:\lavoro\git\__customerservice__\ot biolab+\otcomm\x64\release\dataconsumerinterface.xdc
c:\lavoro\git\__customerservice__\ot biolab+\otcomm\x64\release\dataconsumerinterface.obj
c:\lavoro\git\__customerservice__\ot biolab+\otcomm\x64\release\utilities.obj
c:\lavoro\git\__customerservice__\ot biolab+\otcomm\x64\release\socketgroupinterface.obj
c:\lavoro\git\__customerservice__\ot biolab+\otcomm\x64\release\genericchannels.obj
c:\lavoro\git\__customerservice__\ot biolab+\otcomm\x64\release\otwmi.obj
c:\lavoro\git\__customerservice__\ot biolab+\otcomm\x64\release\muscles.obj
c:\lavoro\git\__customerservice__\ot biolab+\otcomm\x64\release\genericadapter.obj
c:\lavoro\git\__customerservice__\ot biolab+\otcomm\x64\release\genericexception.obj
c:\lavoro\git\__customerservice__\ot biolab+\otcomm\x64\release\datageneratorsyncstation.obj
c:\lavoro\git\__customerservice__\ot biolab+\otcomm\x64\release\datageneratorsessantaquattropiu.obj
c:\lavoro\git\__customerservice__\ot biolab+\otcomm\x64\release\datageneratorsessantaquattro.obj
c:\lavoro\git\__customerservice__\ot biolab+\otcomm\x64\release\datageneratorotto.obj
c:\lavoro\git\__customerservice__\ot biolab+\otcomm\x64\release\datageneratormuovipiu.obj
c:\lavoro\git\__customerservice__\ot biolab+\otcomm\x64\release\datageneratormuovi.obj
c:\lavoro\git\__customerservice__\ot biolab+\otcomm\x64\release\dataconsumerlogmultisource.obj
c:\lavoro\git\__customerservice__\ot biolab+\otcomm\x64\release\dataconsumerlog32.obj
c:\lavoro\git\__customerservice__\ot biolab+\otcomm\x64\release\dataconsumerlog16.obj
c:\lavoro\git\__customerservice__\ot biolab+\otcomm\x64\release\.netframework,version=v4.0.assemblyattributes.obj
c:\lavoro\git\__customerservice__\ot biolab+\otcomm\x64\release\.netframework,version=v4.0.assemblyattributes.asm
c:\lavoro\git\__customerservice__\ot biolab+\x64\release\otcomm.dll
c:\lavoro\git\__customerservice__\ot biolab+\x64\release\otcomm.pdb
c:\lavoro\git\__customerservice__\ot biolab+\otcomm\x64\release\otcomm.res
c:\lavoro\git\__customerservice__\ot biolab+\x64\release\otcomm.xml
c:\lavoro\git\__customerservice__\ot biolab+\otcomm\x64\release\otcomm.tlog\cl.command.1.tlog
c:\lavoro\git\__customerservice__\ot biolab+\otcomm\x64\release\otcomm.tlog\cl.read.1.tlog
c:\lavoro\git\__customerservice__\ot biolab+\otcomm\x64\release\otcomm.tlog\cl.write.1.tlog
c:\lavoro\git\__customerservice__\ot biolab+\otcomm\x64\release\otcomm.tlog\link.command.1.tlog
c:\lavoro\git\__customerservice__\ot biolab+\otcomm\x64\release\otcomm.tlog\link.read.1.tlog
c:\lavoro\git\__customerservice__\ot biolab+\otcomm\x64\release\otcomm.tlog\link.write.1.tlog
c:\lavoro\git\__customerservice__\ot biolab+\otcomm\x64\release\otcomm.tlog\metagen.read.1.tlog
c:\lavoro\git\__customerservice__\ot biolab+\otcomm\x64\release\otcomm.tlog\metagen.write.1.tlog
c:\lavoro\git\__customerservice__\ot biolab+\otcomm\x64\release\otcomm.tlog\rc.command.1.tlog
c:\lavoro\git\__customerservice__\ot biolab+\otcomm\x64\release\otcomm.tlog\rc.read.1.tlog
c:\lavoro\git\__customerservice__\ot biolab+\otcomm\x64\release\otcomm.tlog\rc.write.1.tlog
c:\lavoro\git\__customerservice__\ot biolab+\otcomm\x64\release\otcomm.tlog\xdcmake.command.1.tlog
c:\lavoro\git\__customerservice__\ot biolab+\otcomm\x64\release\otcomm.tlog\xdcmake.read.1.tlog
c:\lavoro\git\__customerservice__\ot biolab+\otcomm\x64\release\otcomm.tlog\xdcmake.write.1.tlog
c:\lavoro\git\__customerservice__\ot biolab+\otcomm\x64\release\otcomm.tlog\msxml6r.dll.bi
c:\lavoro\git\__customerservice__\ot biolab+\otcomm\x64\release\otcomm.tlog\tzres.dll.bi
